Mono path[0] = 'C:/Develop/DQNTicTacToe/New Unity Project/Random_Build/TTT_Data/Managed'
Mono config path = 'C:/Develop/DQNTicTacToe/New Unity Project/Random_Build/MonoBleedingEdge/etc'
Initialize engine version: 2020.3.25f1 (9b9180224418)
[Subsystems] Discovering subsystems at path C:/Develop/DQNTicTacToe/New Unity Project/Random_Build/TTT_Data/UnitySubsystems
Forcing GfxDevice: Null
GfxDevice: creating device client; threaded=0
NullGfxDevice:
    Version:  NULL 1.0 [1.0]
    Renderer: Null Device
    Vendor:   Unity Technologies
Begin MonoManager ReloadAssembly
- Completed reload, in  0.106 seconds
ERROR: Shader Sprites/Default shader is not supported on this GPU (none of subshaders/fallbacks are suitable)
Microsoft Media Foundation video decoding to texture disabled: graphics device is Null, only Direct3D 11 and Direct3D 12 (only on desktop) are supported for hardware-accelerated video decoding.
ERROR: Shader Sprites/Mask shader is not supported on this GPU (none of subshaders/fallbacks are suitable)
UnloadTime: 0.397900 ms
Fallback handler could not load library C:/Develop/DQNTicTacToe/New Unity Project/Random_Build/TTT_Data/Mono/libcoreclr.so
Fallback handler could not load library C:/Develop/DQNTicTacToe/New Unity Project/Random_Build/TTT_Data/Mono/libcoreclr.so.dll
Fallback handler could not load library C:/Develop/DQNTicTacToe/New Unity Project/Random_Build/TTT_Data/Mono/libcoreclr.so
Fallback handler could not load library C:/Develop/DQNTicTacToe/New Unity Project/Random_Build/TTT_Data/Mono/libdl.so
Fallback handler could not load library C:/Develop/DQNTicTacToe/New Unity Project/Random_Build/TTT_Data/Mono/libdl.so.dll
Fallback handler could not load library C:/Develop/DQNTicTacToe/New Unity Project/Random_Build/TTT_Data/Mono/libdl.so
Fallback handler could not load library C:/Develop/DQNTicTacToe/New Unity Project/Random_Build/TTT_Data/Mono/libSystem.dylib
Fallback handler could not load library C:/Develop/DQNTicTacToe/New Unity Project/Random_Build/TTT_Data/Mono/libSystem.dylib.dll
Fallback handler could not load library C:/Develop/DQNTicTacToe/New Unity Project/Random_Build/TTT_Data/Mono/libSystem.dylib
Fallback handler could not load library C:/Develop/DQNTicTacToe/New Unity Project/Random_Build/TTT_Data/Mono/libcoreclr.so
Fallback handler could not load library C:/Develop/DQNTicTacToe/New Unity Project/Random_Build/TTT_Data/Mono/libcoreclr.so.dll
Fallback handler could not load library C:/Develop/DQNTicTacToe/New Unity Project/Random_Build/TTT_Data/Mono/libcoreclr.so
Fallback handler could not load library C:/Develop/DQNTicTacToe/New Unity Project/Random_Build/TTT_Data/Mono/libdl.so
Fallback handler could not load library C:/Develop/DQNTicTacToe/New Unity Project/Random_Build/TTT_Data/Mono/libdl.so.dll
Fallback handler could not load library C:/Develop/DQNTicTacToe/New Unity Project/Random_Build/TTT_Data/Mono/libdl.so
Fallback handler could not load library C:/Develop/DQNTicTacToe/New Unity Project/Random_Build/TTT_Data/Mono/libSystem.dylib
Fallback handler could not load library C:/Develop/DQNTicTacToe/New Unity Project/Random_Build/TTT_Data/Mono/libSystem.dylib.dll
Fallback handler could not load library C:/Develop/DQNTicTacToe/New Unity Project/Random_Build/TTT_Data/Mono/libSystem.dylib
Setting up 4 worker threads for Enlighten.
  Thread -> id: 5c54 -> priority: 1 
  Thread -> id: 4a60 -> priority: 1 
  Thread -> id: 5d2c -> priority: 1 
  Thread -> id: 5b8c -> priority: 1 
